c:\users\kevin\source\repos\mini-golf\mini-golf\debug\vc142.pdb
c:\users\kevin\source\repos\mini-golf\mini-golf\debug\vc142.idb
c:\users\kevin\source\repos\mini-golf\mini-golf\debug\ball.obj
c:\users\kevin\source\repos\mini-golf\mini-golf\debug\mini-golf.obj
c:\users\kevin\source\repos\mini-golf\mini-golf\debug\hole.obj
c:\users\kevin\source\repos\mini-golf\mini-golf\debug\gamemanager.obj
c:\users\kevin\source\repos\mini-golf\debug\mini-golf.pdb
c:\users\kevin\source\repos\mini-golf\mini-golf\debug\mini-golf.tlog\cl.command.1.tlog
c:\users\kevin\source\repos\mini-golf\mini-golf\debug\mini-golf.tlog\cl.read.1.tlog
c:\users\kevin\source\repos\mini-golf\mini-golf\debug\mini-golf.tlog\cl.write.1.tlog
c:\users\kevin\source\repos\mini-golf\mini-golf\debug\mini-golf.tlog\link-cvtres.read.1.tlog
c:\users\kevin\source\repos\mini-golf\mini-golf\debug\mini-golf.tlog\link-cvtres.write.1.tlog
c:\users\kevin\source\repos\mini-golf\mini-golf\debug\mini-golf.tlog\link-rc.read.1.tlog
c:\users\kevin\source\repos\mini-golf\mini-golf\debug\mini-golf.tlog\link-rc.write.1.tlog
c:\users\kevin\source\repos\mini-golf\mini-golf\debug\mini-golf.tlog\link.13976-cvtres.read.1.tlog
c:\users\kevin\source\repos\mini-golf\mini-golf\debug\mini-golf.tlog\link.13976-cvtres.write.1.tlog
c:\users\kevin\source\repos\mini-golf\mini-golf\debug\mini-golf.tlog\link.13976-rc.read.1.tlog
c:\users\kevin\source\repos\mini-golf\mini-golf\debug\mini-golf.tlog\link.13976-rc.write.1.tlog
c:\users\kevin\source\repos\mini-golf\mini-golf\debug\mini-golf.tlog\link.13976.read.1.tlog
c:\users\kevin\source\repos\mini-golf\mini-golf\debug\mini-golf.tlog\link.13976.write.1.tlog
c:\users\kevin\source\repos\mini-golf\mini-golf\debug\mini-golf.tlog\link.command.1.tlog
c:\users\kevin\source\repos\mini-golf\mini-golf\debug\mini-golf.tlog\link.read.1.tlog
c:\users\kevin\source\repos\mini-golf\mini-golf\debug\mini-golf.tlog\link.write.1.tlog
